17:41:29.784 [main] DEBUG oct1_log4j.LogFileImpl - i am from debug
17:41:29.838 [main] ERROR oct1_log4j.LogFileImpl - i am from error
17:41:29.838 [main] INFO  oct1_log4j.LogFileImpl - i am from info
17:41:29.839 [main] FATAL oct1_log4j.LogFileImpl - i am from fatal===
17:45:41.841 [main] DEBUG oct1_log4j.LogFileImpl - i am from debug
17:45:41.900 [main] ERROR oct1_log4j.LogFileImpl - i am from error
17:45:41.901 [main] INFO  oct1_log4j.LogFileImpl - i am from info
17:45:41.902 [main] FATAL oct1_log4j.LogFileImpl - i am from fatal===
' 18:03:01.399 [main] INFO  oct1_log4j.LogFileImpl - TestCase001 is pass
18:03:10.558 [main] INFO  oct1_log4j.LogFileImpl - TestCase002 is pass
18:04:08.903 [main] INFO  oct1_log4j.LogFileImpl - Your order on My Store is complete.
18:04:30.945 [main] INFO  oct1_log4j.LogFileImpl - My Testcase001 is PASS
18:04:42.673 [main] INFO  oct1_log4j.LogFileImpl - My Testcase002 is PASS
18:04:49.979 [main] INFO  oct1_log4j.LogFileImpl - My Testcase003 is PASS
18:17:50.489 [main] INFO  oct1_log4j.LogFileImpl - My Testcase002 is PASS
18:19:52.430 [main] ERROR oct1_log4j.LogFileImpl - TestCase Failed due to text mismatch
18:30:12.279 [main] INFO  oct1_log4j.LogFileImpl - This is onStart method : C:\Users\admin\eclipse-workspace\sept_Selinium\test-output\Suite
18:30:33.705 [main] INFO  oct1_log4j.LogFileImpl - New Test Started : TestCase001
18:30:33.706 [main] INFO  oct1_log4j.LogFileImpl - Trying to find Element By : By.linkText: Contact us
18:30:33.782 [main] INFO  oct1_log4j.LogFileImpl - Found Element By : By.linkText: Contact us
18:30:33.794 [main] INFO  oct1_log4j.LogFileImpl - Trying to click on: [[ChromeDriver: chrome on WINDOWS (41c7f5afd124d6c30871cbfc8749844a)] -> link text: Contact us]
18:30:37.125 [main] INFO  oct1_log4j.LogFileImpl - Clicked on: [[ChromeDriver: chrome on WINDOWS (41c7f5afd124d6c30871cbfc8749844a)] -> link text: Contact us]
18:30:37.132 [main] INFO  oct1_log4j.LogFileImpl - Trying to find Element By : By.xpath: //h1[@class='page-heading bottom-indent']
18:30:37.237 [main] INFO  oct1_log4j.LogFileImpl - Found Element By : By.xpath: //h1[@class='page-heading bottom-indent']
18:30:37.437 [main] INFO  oct1_log4j.LogFileImpl - Trying to find Element By : By.xpath: //select[@id='id_contact']
18:30:37.479 [main] INFO  oct1_log4j.LogFileImpl - Found Element By : By.xpath: //select[@id='id_contact']
18:30:38.346 [main] INFO  oct1_log4j.LogFileImpl - Trying to find Element By : By.xpath: //input[@class='form-control grey validate']
18:30:38.387 [main] INFO  oct1_log4j.LogFileImpl - Found Element By : By.xpath: //input[@class='form-control grey validate']
18:30:39.022 [main] INFO  oct1_log4j.LogFileImpl - Trying to find Element By : By.xpath: //input[@class='form-control grey']
18:30:39.069 [main] INFO  oct1_log4j.LogFileImpl - Found Element By : By.xpath: //input[@class='form-control grey']
18:30:39.285 [main] INFO  oct1_log4j.LogFileImpl - Trying to find Element By : By.xpath: //textarea[@id='message']
18:30:39.343 [main] INFO  oct1_log4j.LogFileImpl - Found Element By : By.xpath: //textarea[@id='message']
18:30:39.507 [main] INFO  oct1_log4j.LogFileImpl - Trying to find Element By : By.xpath: //button[@id='submitMessage']
18:30:39.548 [main] INFO  oct1_log4j.LogFileImpl - Found Element By : By.xpath: //button[@id='submitMessage']
18:30:39.549 [main] INFO  oct1_log4j.LogFileImpl - Trying to click on: [[ChromeDriver: chrome on WINDOWS (41c7f5afd124d6c30871cbfc8749844a)] -> xpath: //button[@id='submitMessage']]
18:30:41.429 [main] INFO  oct1_log4j.LogFileImpl - Clicked on: [[ChromeDriver: chrome on WINDOWS (41c7f5afd124d6c30871cbfc8749844a)] -> xpath: //button[@id='submitMessage']]
18:30:41.435 [main] INFO  oct1_log4j.LogFileImpl - Trying to find Element By : By.xpath: //p[@class='alert alert-success']
18:30:41.506 [main] INFO  oct1_log4j.LogFileImpl - Found Element By : By.xpath: //p[@class='alert alert-success']
18:30:41.545 [main] INFO  oct1_log4j.LogFileImpl - TestCase001 is pass
18:30:41.553 [main] INFO  oct1_log4j.LogFileImpl - Test Successfully Finished : TestCase001
18:30:43.743 [main] INFO  oct1_log4j.LogFileImpl - New Test Started : TestCase002
18:30:43.748 [main] INFO  oct1_log4j.LogFileImpl - Trying to find Element By : By.linkText: Contact us
18:30:43.787 [main] INFO  oct1_log4j.LogFileImpl - Found Element By : By.linkText: Contact us
18:30:43.788 [main] INFO  oct1_log4j.LogFileImpl - Trying to click on: [[ChromeDriver: chrome on WINDOWS (41c7f5afd124d6c30871cbfc8749844a)] -> link text: Contact us]
18:30:45.233 [main] INFO  oct1_log4j.LogFileImpl - Clicked on: [[ChromeDriver: chrome on WINDOWS (41c7f5afd124d6c30871cbfc8749844a)] -> link text: Contact us]
18:30:45.234 [main] INFO  oct1_log4j.LogFileImpl - Trying to find Element By : By.xpath: //h1[@class='page-heading bottom-indent']
18:30:45.272 [main] INFO  oct1_log4j.LogFileImpl - Found Element By : By.xpath: //h1[@class='page-heading bottom-indent']
18:30:45.308 [main] INFO  oct1_log4j.LogFileImpl - Trying to find Element By : By.xpath: //select[@id='id_contact']
18:30:45.333 [main] INFO  oct1_log4j.LogFileImpl - Found Element By : By.xpath: //select[@id='id_contact']
18:30:45.504 [main] INFO  oct1_log4j.LogFileImpl - Trying to find Element By : By.xpath: //input[@class='form-control grey validate']
18:30:45.535 [main] INFO  oct1_log4j.LogFileImpl - Found Element By : By.xpath: //input[@class='form-control grey validate']
18:30:45.848 [main] INFO  oct1_log4j.LogFileImpl - Trying to find Element By : By.xpath: //input[@class='form-control grey']
18:30:45.881 [main] INFO  oct1_log4j.LogFileImpl - Found Element By : By.xpath: //input[@class='form-control grey']
18:30:46.093 [main] INFO  oct1_log4j.LogFileImpl - Trying to find Element By : By.xpath: //textarea[@id='message']
18:30:46.127 [main] INFO  oct1_log4j.LogFileImpl - Found Element By : By.xpath: //textarea[@id='message']
18:30:46.292 [main] INFO  oct1_log4j.LogFileImpl - Trying to find Element By : By.xpath: //button[@id='submitMessage']
18:30:46.333 [main] INFO  oct1_log4j.LogFileImpl - Found Element By : By.xpath: //button[@id='submitMessage']
18:30:46.335 [main] INFO  oct1_log4j.LogFileImpl - Trying to click on: [[ChromeDriver: chrome on WINDOWS (41c7f5afd124d6c30871cbfc8749844a)] -> xpath: //button[@id='submitMessage']]
18:30:52.785 [main] INFO  oct1_log4j.LogFileImpl - Clicked on: [[ChromeDriver: chrome on WINDOWS (41c7f5afd124d6c30871cbfc8749844a)] -> xpath: //button[@id='submitMessage']]
18:30:52.787 [main] INFO  oct1_log4j.LogFileImpl - Trying to find Element By : By.xpath: //li[text()='The message cannot be blank.']
18:30:52.867 [main] INFO  oct1_log4j.LogFileImpl - Found Element By : By.xpath: //li[text()='The message cannot be blank.']
18:30:52.919 [main] INFO  oct1_log4j.LogFileImpl - TestCase002 is pass
18:30:52.923 [main] INFO  oct1_log4j.LogFileImpl - Test Successfully Finished : TestCase002
18:31:24.355 [main] INFO  oct1_log4j.LogFileImpl - New Test Started : testcase001
18:31:24.357 [main] INFO  oct1_log4j.LogFileImpl - Trying to find Element By : By.xpath: (//a[@class='sf-with-ul'])[1]
18:31:24.785 [main] INFO  oct1_log4j.LogFileImpl - Found Element By : By.xpath: (//a[@class='sf-with-ul'])[1]
18:31:24.785 [main] INFO  oct1_log4j.LogFileImpl - Trying to click on: [[ChromeDriver: chrome on WINDOWS (11717c867dbb1adbf1f73b2227e31a49)] -> xpath: (//a[@class='sf-with-ul'])[1]]
18:31:29.350 [main] INFO  oct1_log4j.LogFileImpl - Clicked on: [[ChromeDriver: chrome on WINDOWS (11717c867dbb1adbf1f73b2227e31a49)] -> xpath: (//a[@class='sf-with-ul'])[1]]
18:31:29.350 [main] INFO  oct1_log4j.LogFileImpl - Trying to find Element By : By.xpath: (//a[@class='product-name'])[3]
18:31:29.398 [main] INFO  oct1_log4j.LogFileImpl - Found Element By : By.xpath: (//a[@class='product-name'])[3]
18:31:29.398 [main] INFO  oct1_log4j.LogFileImpl - Trying to click on: [[ChromeDriver: chrome on WINDOWS (11717c867dbb1adbf1f73b2227e31a49)] -> xpath: (//a[@class='product-name'])[3]]
18:31:33.354 [main] INFO  oct1_log4j.LogFileImpl - Clicked on: [[ChromeDriver: chrome on WINDOWS (11717c867dbb1adbf1f73b2227e31a49)] -> xpath: (//a[@class='product-name'])[3]]
18:31:33.355 [main] INFO  oct1_log4j.LogFileImpl - Trying to find Element By : By.xpath: //button[@class='exclusive']
18:31:33.416 [main] INFO  oct1_log4j.LogFileImpl - Found Element By : By.xpath: //button[@class='exclusive']
18:31:33.416 [main] INFO  oct1_log4j.LogFileImpl - Trying to click on: [[ChromeDriver: chrome on WINDOWS (11717c867dbb1adbf1f73b2227e31a49)] -> xpath: //button[@class='exclusive']]
18:31:33.564 [main] INFO  oct1_log4j.LogFileImpl - Clicked on: [[ChromeDriver: chrome on WINDOWS (11717c867dbb1adbf1f73b2227e31a49)] -> xpath: //button[@class='exclusive']]
18:31:33.565 [main] INFO  oct1_log4j.LogFileImpl - Trying to find Element By : By.xpath: //a[@class='btn btn-default button button-medium']
18:31:33.666 [main] INFO  oct1_log4j.LogFileImpl - Found Element By : By.xpath: //a[@class='btn btn-default button button-medium']
18:31:33.668 [main] INFO  oct1_log4j.LogFileImpl - Trying to click on: [[ChromeDriver: chrome on WINDOWS (11717c867dbb1adbf1f73b2227e31a49)] -> xpath: //a[@class='btn btn-default button button-medium']]
18:31:38.912 [main] INFO  oct1_log4j.LogFileImpl - Clicked on: [[ChromeDriver: chrome on WINDOWS (11717c867dbb1adbf1f73b2227e31a49)] -> xpath: //a[@class='btn btn-default button button-medium']]
18:31:38.913 [main] INFO  oct1_log4j.LogFileImpl - Trying to find Element By : By.xpath: //a[@class='button btn btn-default standard-checkout button-medium']
18:31:38.958 [main] INFO  oct1_log4j.LogFileImpl - Found Element By : By.xpath: //a[@class='button btn btn-default standard-checkout button-medium']
18:31:38.958 [main] INFO  oct1_log4j.LogFileImpl - Trying to click on: [[ChromeDriver: chrome on WINDOWS (11717c867dbb1adbf1f73b2227e31a49)] -> xpath: //a[@class='button btn btn-default standard-checkout button-medium']]
18:31:43.045 [main] INFO  oct1_log4j.LogFileImpl - Clicked on: [[ChromeDriver: chrome on WINDOWS (11717c867dbb1adbf1f73b2227e31a49)] -> xpath: //a[@class='button btn btn-default standard-checkout button-medium']]
18:31:43.050 [main] INFO  oct1_log4j.LogFileImpl - Trying to find Element By : By.xpath: //input[@id='email']
18:31:43.091 [main] INFO  oct1_log4j.LogFileImpl - Found Element By : By.xpath: //input[@id='email']
18:31:43.856 [main] INFO  oct1_log4j.LogFileImpl - Trying to find Element By : By.xpath: //input[@id='passwd']
18:31:43.903 [main] INFO  oct1_log4j.LogFileImpl - Found Element By : By.xpath: //input[@id='passwd']
18:31:44.219 [main] INFO  oct1_log4j.LogFileImpl - Trying to find Element By : By.xpath: //button[@id='SubmitLogin']
18:31:44.262 [main] INFO  oct1_log4j.LogFileImpl - Found Element By : By.xpath: //button[@id='SubmitLogin']
18:31:44.263 [main] INFO  oct1_log4j.LogFileImpl - Trying to click on: [[ChromeDriver: chrome on WINDOWS (11717c867dbb1adbf1f73b2227e31a49)] -> xpath: //button[@id='SubmitLogin']]
18:31:47.835 [main] INFO  oct1_log4j.LogFileImpl - Clicked on: [[ChromeDriver: chrome on WINDOWS (11717c867dbb1adbf1f73b2227e31a49)] -> xpath: //button[@id='SubmitLogin']]
18:31:47.840 [main] INFO  oct1_log4j.LogFileImpl - Trying to find Element By : By.xpath: //button[@class='button btn btn-default button-medium']
18:31:47.935 [main] INFO  oct1_log4j.LogFileImpl - Found Element By : By.xpath: //button[@class='button btn btn-default button-medium']
18:31:47.936 [main] INFO  oct1_log4j.LogFileImpl - Trying to click on: [[ChromeDriver: chrome on WINDOWS (11717c867dbb1adbf1f73b2227e31a49)] -> xpath: //button[@class='button btn btn-default button-medium']]
18:31:50.558 [main] INFO  oct1_log4j.LogFileImpl - Clicked on: [[ChromeDriver: chrome on WINDOWS (11717c867dbb1adbf1f73b2227e31a49)] -> xpath: //button[@class='button btn btn-default button-medium']]
18:31:50.567 [main] INFO  oct1_log4j.LogFileImpl - Trying to find Element By : By.xpath: //input[@id='cgv']
18:31:50.617 [main] INFO  oct1_log4j.LogFileImpl - Found Element By : By.xpath: //input[@id='cgv']
18:31:50.617 [main] INFO  oct1_log4j.LogFileImpl - Trying to click on: [[ChromeDriver: chrome on WINDOWS (11717c867dbb1adbf1f73b2227e31a49)] -> xpath: //input[@id='cgv']]
18:31:50.790 [main] INFO  oct1_log4j.LogFileImpl - Clicked on: [[ChromeDriver: chrome on WINDOWS (11717c867dbb1adbf1f73b2227e31a49)] -> xpath: //input[@id='cgv']]
18:31:50.795 [main] INFO  oct1_log4j.LogFileImpl - Trying to find Element By : By.xpath: //button[@class='button btn btn-default standard-checkout button-medium']
18:31:50.856 [main] INFO  oct1_log4j.LogFileImpl - Found Element By : By.xpath: //button[@class='button btn btn-default standard-checkout button-medium']
18:31:50.856 [main] INFO  oct1_log4j.LogFileImpl - Trying to click on: [[ChromeDriver: chrome on WINDOWS (11717c867dbb1adbf1f73b2227e31a49)] -> xpath: //button[@class='button btn btn-default standard-checkout button-medium']]
18:31:53.330 [main] INFO  oct1_log4j.LogFileImpl - Clicked on: [[ChromeDriver: chrome on WINDOWS (11717c867dbb1adbf1f73b2227e31a49)] -> xpath: //button[@class='button btn btn-default standard-checkout button-medium']]
18:31:53.335 [main] INFO  oct1_log4j.LogFileImpl - Trying to find Element By : By.xpath: (//p[@class='payment_module'])[1]
18:31:53.386 [main] INFO  oct1_log4j.LogFileImpl - Found Element By : By.xpath: (//p[@class='payment_module'])[1]
18:31:53.387 [main] INFO  oct1_log4j.LogFileImpl - Trying to click on: [[ChromeDriver: chrome on WINDOWS (11717c867dbb1adbf1f73b2227e31a49)] -> xpath: (//p[@class='payment_module'])[1]]
18:31:54.814 [main] INFO  oct1_log4j.LogFileImpl - Clicked on: [[ChromeDriver: chrome on WINDOWS (11717c867dbb1adbf1f73b2227e31a49)] -> xpath: (//p[@class='payment_module'])[1]]
18:31:54.821 [main] INFO  oct1_log4j.LogFileImpl - Trying to find Element By : By.xpath: //button[@class='button btn btn-default button-medium']
18:31:54.857 [main] INFO  oct1_log4j.LogFileImpl - Found Element By : By.xpath: //button[@class='button btn btn-default button-medium']
18:31:54.858 [main] INFO  oct1_log4j.LogFileImpl - Trying to click on: [[ChromeDriver: chrome on WINDOWS (11717c867dbb1adbf1f73b2227e31a49)] -> xpath: //button[@class='button btn btn-default button-medium']]
18:31:59.011 [main] INFO  oct1_log4j.LogFileImpl - Clicked on: [[ChromeDriver: chrome on WINDOWS (11717c867dbb1adbf1f73b2227e31a49)] -> xpath: //button[@class='button btn btn-default button-medium']]
18:31:59.015 [main] INFO  oct1_log4j.LogFileImpl - Trying to find Element By : By.xpath: (//strong[@class='dark'])[6]
18:31:59.055 [main] INFO  oct1_log4j.LogFileImpl - Found Element By : By.xpath: (//strong[@class='dark'])[6]
18:31:59.096 [main] INFO  oct1_log4j.LogFileImpl - Your order on My Store is complete.
18:31:59.099 [main] INFO  oct1_log4j.LogFileImpl - Test Successfully Finished : testcase001
18:32:31.522 [main] INFO  oct1_log4j.LogFileImpl - New Test Started : TestCase001
18:32:31.522 [main] INFO  oct1_log4j.LogFileImpl - Trying to find Element By : By.linkText: Sign in
18:32:32.328 [main] INFO  oct1_log4j.LogFileImpl - Found Element By : By.linkText: Sign in
18:32:32.330 [main] INFO  oct1_log4j.LogFileImpl - Trying to click on: [[ChromeDriver: chrome on WINDOWS (7584674ef088cd0a967c49257680f869)] -> link text: Sign in]
18:32:38.941 [main] INFO  oct1_log4j.LogFileImpl - Clicked on: [[ChromeDriver: chrome on WINDOWS (7584674ef088cd0a967c49257680f869)] -> link text: Sign in]
18:32:38.945 [main] INFO  oct1_log4j.LogFileImpl - Trying to find Element By : By.xpath: //input[@id='email']
18:32:39.419 [main] INFO  oct1_log4j.LogFileImpl - Found Element By : By.xpath: //input[@id='email']
18:32:40.572 [main] INFO  oct1_log4j.LogFileImpl - Trying to find Element By : By.xpath: //input[@id='passwd']
18:32:40.616 [main] INFO  oct1_log4j.LogFileImpl - Found Element By : By.xpath: //input[@id='passwd']
18:32:40.966 [main] INFO  oct1_log4j.LogFileImpl - Trying to find Element By : By.xpath: //button[@id='SubmitLogin']
18:32:41.016 [main] INFO  oct1_log4j.LogFileImpl - Found Element By : By.xpath: //button[@id='SubmitLogin']
18:32:41.017 [main] INFO  oct1_log4j.LogFileImpl - Trying to click on: [[ChromeDriver: chrome on WINDOWS (7584674ef088cd0a967c49257680f869)] -> xpath: //button[@id='SubmitLogin']]
18:32:44.618 [main] INFO  oct1_log4j.LogFileImpl - Clicked on: [[ChromeDriver: chrome on WINDOWS (7584674ef088cd0a967c49257680f869)] -> xpath: //button[@id='SubmitLogin']]
18:32:44.619 [main] INFO  oct1_log4j.LogFileImpl - Trying to find Element By : By.xpath: //h1[@class='page-heading']
18:32:44.683 [main] INFO  oct1_log4j.LogFileImpl - Found Element By : By.xpath: //h1[@class='page-heading']
18:32:44.723 [main] INFO  oct1_log4j.LogFileImpl - My Testcase001 is PASS
18:32:44.723 [main] INFO  oct1_log4j.LogFileImpl - Trying to find Element By : By.linkText: Sign out
18:32:44.774 [main] INFO  oct1_log4j.LogFileImpl - Found Element By : By.linkText: Sign out
18:32:44.775 [main] INFO  oct1_log4j.LogFileImpl - Trying to click on: [[ChromeDriver: chrome on WINDOWS (7584674ef088cd0a967c49257680f869)] -> link text: Sign out]
18:32:48.423 [main] INFO  oct1_log4j.LogFileImpl - Clicked on: [[ChromeDriver: chrome on WINDOWS (7584674ef088cd0a967c49257680f869)] -> link text: Sign out]
18:32:48.432 [main] INFO  oct1_log4j.LogFileImpl - Test Successfully Finished : TestCase001
18:32:50.330 [main] INFO  oct1_log4j.LogFileImpl - New Test Started : TestCase002
18:32:50.331 [main] INFO  oct1_log4j.LogFileImpl - Trying to find Element By : By.linkText: Sign in
18:32:50.489 [main] INFO  oct1_log4j.LogFileImpl - Found Element By : By.linkText: Sign in
18:32:50.489 [main] INFO  oct1_log4j.LogFileImpl - Trying to click on: [[ChromeDriver: chrome on WINDOWS (7584674ef088cd0a967c49257680f869)] -> link text: Sign in]
18:32:54.137 [main] INFO  oct1_log4j.LogFileImpl - Clicked on: [[ChromeDriver: chrome on WINDOWS (7584674ef088cd0a967c49257680f869)] -> link text: Sign in]
18:32:54.138 [main] INFO  oct1_log4j.LogFileImpl - Trying to find Element By : By.xpath: //input[@id='email']
18:32:54.181 [main] INFO  oct1_log4j.LogFileImpl - Found Element By : By.xpath: //input[@id='email']
18:32:54.466 [main] INFO  oct1_log4j.LogFileImpl - Trying to find Element By : By.xpath: //input[@id='passwd']
18:32:54.514 [main] INFO  oct1_log4j.LogFileImpl - Found Element By : By.xpath: //input[@id='passwd']
18:32:54.756 [main] INFO  oct1_log4j.LogFileImpl - Trying to find Element By : By.xpath: //button[@id='SubmitLogin']
18:32:54.801 [main] INFO  oct1_log4j.LogFileImpl - Found Element By : By.xpath: //button[@id='SubmitLogin']
18:32:54.802 [main] INFO  oct1_log4j.LogFileImpl - Trying to click on: [[ChromeDriver: chrome on WINDOWS (7584674ef088cd0a967c49257680f869)] -> xpath: //button[@id='SubmitLogin']]
18:32:58.114 [main] INFO  oct1_log4j.LogFileImpl - Clicked on: [[ChromeDriver: chrome on WINDOWS (7584674ef088cd0a967c49257680f869)] -> xpath: //button[@id='SubmitLogin']]
18:32:58.122 [main] INFO  oct1_log4j.LogFileImpl - Trying to find Element By : By.xpath: //li[text()='Authentication failed.']
18:32:58.192 [main] INFO  oct1_log4j.LogFileImpl - Found Element By : By.xpath: //li[text()='Authentication failed.']
18:32:58.229 [main] INFO  oct1_log4j.LogFileImpl - My Testcase002 is PASS
18:32:58.231 [main] INFO  oct1_log4j.LogFileImpl - Test Successfully Finished : TestCase002
18:33:00.083 [main] INFO  oct1_log4j.LogFileImpl - New Test Started : TestCase003
18:33:00.088 [main] INFO  oct1_log4j.LogFileImpl - Trying to find Element By : By.linkText: Sign in
18:33:00.126 [main] INFO  oct1_log4j.LogFileImpl - Found Element By : By.linkText: Sign in
18:33:00.126 [main] INFO  oct1_log4j.LogFileImpl - Trying to click on: [[ChromeDriver: chrome on WINDOWS (7584674ef088cd0a967c49257680f869)] -> link text: Sign in]
18:33:02.959 [main] INFO  oct1_log4j.LogFileImpl - Clicked on: [[ChromeDriver: chrome on WINDOWS (7584674ef088cd0a967c49257680f869)] -> link text: Sign in]
18:33:02.959 [main] INFO  oct1_log4j.LogFileImpl - Trying to find Element By : By.xpath: //input[@id='email']
18:33:02.996 [main] INFO  oct1_log4j.LogFileImpl - Found Element By : By.xpath: //input[@id='email']
18:33:03.273 [main] INFO  oct1_log4j.LogFileImpl - Trying to find Element By : By.xpath: //input[@id='passwd']
18:33:03.309 [main] INFO  oct1_log4j.LogFileImpl - Found Element By : By.xpath: //input[@id='passwd']
18:33:03.472 [main] INFO  oct1_log4j.LogFileImpl - Trying to find Element By : By.xpath: //button[@id='SubmitLogin']
18:33:03.505 [main] INFO  oct1_log4j.LogFileImpl - Found Element By : By.xpath: //button[@id='SubmitLogin']
18:33:03.509 [main] INFO  oct1_log4j.LogFileImpl - Trying to click on: [[ChromeDriver: chrome on WINDOWS (7584674ef088cd0a967c49257680f869)] -> xpath: //button[@id='SubmitLogin']]
18:33:05.226 [main] INFO  oct1_log4j.LogFileImpl - Clicked on: [[ChromeDriver: chrome on WINDOWS (7584674ef088cd0a967c49257680f869)] -> xpath: //button[@id='SubmitLogin']]
18:33:05.227 [main] INFO  oct1_log4j.LogFileImpl - Trying to find Element By : By.xpath: //li[text()='Password is required.']
18:33:05.275 [main] INFO  oct1_log4j.LogFileImpl - Found Element By : By.xpath: //li[text()='Password is required.']
18:33:05.317 [main] INFO  oct1_log4j.LogFileImpl - My Testcase003 is PASS
18:33:05.320 [main] INFO  oct1_log4j.LogFileImpl - Test Successfully Finished : TestCase003
18:33:06.940 [main] INFO  oct1_log4j.LogFileImpl - This is onFinish method  : [ResultMap map=[[TestResult name=TestCase002 status=SUCCESS method=ContactUsTestCases.TestCase002()[pri:0, instance:sept29_TestCases.ContactUsTestCases@6c6c5427] output={null}], [TestResult name=TestCase002 status=SUCCESS method=LoginTestCases.TestCase002()[pri:0, instance:sept29_TestCases.LoginTestCases@3918c187] output={null}], [TestResult name=TestCase001 status=SUCCESS method=LoginTestCases.TestCase001()[pri:0, instance:sept29_TestCases.LoginTestCases@3918c187] output={null}], [TestResult name=TestCase001 status=SUCCESS method=ContactUsTestCases.TestCase001()[pri:0, instance:sept29_TestCases.ContactUsTestCases@6c6c5427] output={null}], [TestResult name=testcase001 status=SUCCESS method=AddToCartTestCase.testcase001()[pri:0, instance:sept29_TestCases.AddToCartTestCase@295eaa7c] output={null}], [TestResult name=TestCase003 status=SUCCESS method=LoginTestCases.TestCase003()[pri:0, instance:sept29_TestCases.LoginTestCases@3918c187] output={null}]]]
18:33:06.941 [main] INFO  oct1_log4j.LogFileImpl - This is onFinish method  : [ResultMap map=[]]
01:36:57.668 [main] INFO  oct1_log4j.LogFileImpl - Trying to find Element By : By.linkText: Sign in
01:36:57.882 [main] INFO  oct1_log4j.LogFileImpl - Found Element By : By.linkText: Sign in
01:36:57.896 [main] INFO  oct1_log4j.LogFileImpl - Trying to click on: [[ChromeDriver: chrome on WINDOWS (0b1ed82de28b9cedfcff534091695ede)] -> link text: Sign in]
01:37:00.870 [main] INFO  oct1_log4j.LogFileImpl - Clicked on: [[ChromeDriver: chrome on WINDOWS (0b1ed82de28b9cedfcff534091695ede)] -> link text: Sign in]
01:37:00.870 [main] INFO  oct1_log4j.LogFileImpl - Trying to find Element By : By.xpath: //input[@id='email']
01:37:00.929 [main] INFO  oct1_log4j.LogFileImpl - Found Element By : By.xpath: //input[@id='email']
01:37:01.382 [main] INFO  oct1_log4j.LogFileImpl - Trying to find Element By : By.xpath: //input[@id='passwd']
01:37:01.425 [main] INFO  oct1_log4j.LogFileImpl - Found Element By : By.xpath: //input[@id='passwd']
01:37:01.692 [main] INFO  oct1_log4j.LogFileImpl - Trying to find Element By : By.xpath: //button[@id='SubmitLogin']
01:37:01.742 [main] INFO  oct1_log4j.LogFileImpl - Found Element By : By.xpath: //button[@id='SubmitLogin']
01:37:01.748 [main] INFO  oct1_log4j.LogFileImpl - Trying to click on: [[ChromeDriver: chrome on WINDOWS (0b1ed82de28b9cedfcff534091695ede)] -> xpath: //button[@id='SubmitLogin']]
01:37:04.172 [main] INFO  oct1_log4j.LogFileImpl - Clicked on: [[ChromeDriver: chrome on WINDOWS (0b1ed82de28b9cedfcff534091695ede)] -> xpath: //button[@id='SubmitLogin']]
01:37:04.173 [main] INFO  oct1_log4j.LogFileImpl - Trying to find Element By : By.xpath: //h1[@class='page-heading']
01:37:04.234 [main] INFO  oct1_log4j.LogFileImpl - Found Element By : By.xpath: //h1[@class='page-heading']
01:37:04.337 [main] INFO  oct1_log4j.LogFileImpl - Trying to find Element By : By.linkText: Sign out
01:37:04.391 [main] INFO  oct1_log4j.LogFileImpl - Found Element By : By.linkText: Sign out
01:37:04.410 [main] INFO  oct1_log4j.LogFileImpl - Trying to click on: [[ChromeDriver: chrome on WINDOWS (0b1ed82de28b9cedfcff534091695ede)] -> link text: Sign out]
01:37:07.392 [main] INFO  oct1_log4j.LogFileImpl - Clicked on: [[ChromeDriver: chrome on WINDOWS (0b1ed82de28b9cedfcff534091695ede)] -> link text: Sign out]
01:37:19.639 [main] INFO  oct1_log4j.LogFileImpl - Trying to find Element By : By.linkText: Sign in
01:37:19.709 [main] INFO  oct1_log4j.LogFileImpl - Found Element By : By.linkText: Sign in
01:37:19.710 [main] INFO  oct1_log4j.LogFileImpl - Trying to click on: [[ChromeDriver: chrome on WINDOWS (0b1ed82de28b9cedfcff534091695ede)] -> link text: Sign in]
01:37:22.389 [main] INFO  oct1_log4j.LogFileImpl - Clicked on: [[ChromeDriver: chrome on WINDOWS (0b1ed82de28b9cedfcff534091695ede)] -> link text: Sign in]
01:37:22.391 [main] INFO  oct1_log4j.LogFileImpl - Trying to find Element By : By.xpath: //input[@id='email']
01:37:22.458 [main] INFO  oct1_log4j.LogFileImpl - Found Element By : By.xpath: //input[@id='email']
01:37:22.741 [main] INFO  oct1_log4j.LogFileImpl - Trying to find Element By : By.xpath: //input[@id='passwd']
01:37:22.792 [main] INFO  oct1_log4j.LogFileImpl - Found Element By : By.xpath: //input[@id='passwd']
01:37:23.105 [main] INFO  oct1_log4j.LogFileImpl - Trying to find Element By : By.xpath: //button[@id='SubmitLogin']
01:37:23.147 [main] INFO  oct1_log4j.LogFileImpl - Found Element By : By.xpath: //button[@id='SubmitLogin']
01:37:23.152 [main] INFO  oct1_log4j.LogFileImpl - Trying to click on: [[ChromeDriver: chrome on WINDOWS (0b1ed82de28b9cedfcff534091695ede)] -> xpath: //button[@id='SubmitLogin']]
01:37:25.306 [main] INFO  oct1_log4j.LogFileImpl - Clicked on: [[ChromeDriver: chrome on WINDOWS (0b1ed82de28b9cedfcff534091695ede)] -> xpath: //button[@id='SubmitLogin']]
01:37:25.308 [main] INFO  oct1_log4j.LogFileImpl - Trying to find Element By : By.xpath: //li[text()='Authentication failed.']
01:37:25.379 [main] INFO  oct1_log4j.LogFileImpl - Found Element By : By.xpath: //li[text()='Authentication failed.']
01:41:08.214 [main] INFO  oct1_log4j.LogFileImpl - Trying to find Element By : By.linkText: Sign in
01:41:08.337 [main] INFO  oct1_log4j.LogFileImpl - Found Element By : By.linkText: Sign in
01:41:08.353 [main] INFO  oct1_log4j.LogFileImpl - Trying to click on: [[ChromeDriver: chrome on WINDOWS (1957246ca96adc0666e4cf190118f559)] -> link text: Sign in]
01:41:11.807 [main] INFO  oct1_log4j.LogFileImpl - Clicked on: [[ChromeDriver: chrome on WINDOWS (1957246ca96adc0666e4cf190118f559)] -> link text: Sign in]
01:41:11.810 [main] INFO  oct1_log4j.LogFileImpl - Trying to find Element By : By.xpath: //input[@id='email_create']
01:41:11.923 [main] INFO  oct1_log4j.LogFileImpl - Found Element By : By.xpath: //input[@id='email_create']
01:41:12.350 [main] INFO  oct1_log4j.LogFileImpl - Trying to find Element By : By.xpath: //button[@id='SubmitCreate']
01:41:12.405 [main] INFO  oct1_log4j.LogFileImpl - Found Element By : By.xpath: //button[@id='SubmitCreate']
01:41:12.405 [main] INFO  oct1_log4j.LogFileImpl - Trying to click on: [[ChromeDriver: chrome on WINDOWS (1957246ca96adc0666e4cf190118f559)] -> xpath: //button[@id='SubmitCreate']]
01:41:12.640 [main] INFO  oct1_log4j.LogFileImpl - Clicked on: [[ChromeDriver: chrome on WINDOWS (1957246ca96adc0666e4cf190118f559)] -> xpath: //button[@id='SubmitCreate']]
01:41:12.646 [main] INFO  oct1_log4j.LogFileImpl - Trying to find Element By : By.xpath: //input[@id='id_gender1']
01:41:14.641 [main] INFO  oct1_log4j.LogFileImpl - Found Element By : By.xpath: //input[@id='id_gender1']
01:41:14.643 [main] INFO  oct1_log4j.LogFileImpl - Trying to click on: [[ChromeDriver: chrome on WINDOWS (1957246ca96adc0666e4cf190118f559)] -> xpath: //input[@id='id_gender1']]
01:41:14.834 [main] INFO  oct1_log4j.LogFileImpl - Clicked on: [[ChromeDriver: chrome on WINDOWS (1957246ca96adc0666e4cf190118f559)] -> xpath: //input[@id='id_gender1']]
01:41:14.845 [main] INFO  oct1_log4j.LogFileImpl - Trying to find Element By : By.xpath: //input[@id='customer_firstname']
01:41:14.903 [main] INFO  oct1_log4j.LogFileImpl - Found Element By : By.xpath: //input[@id='customer_firstname']
01:41:15.270 [main] INFO  oct1_log4j.LogFileImpl - Trying to find Element By : By.xpath: //input[@id='customer_lastname']
01:41:15.377 [main] INFO  oct1_log4j.LogFileImpl - Found Element By : By.xpath: //input[@id='customer_lastname']
01:41:15.603 [main] INFO  oct1_log4j.LogFileImpl - Trying to find Element By : By.xpath: //input[@id='passwd']
01:41:15.674 [main] INFO  oct1_log4j.LogFileImpl - Found Element By : By.xpath: //input[@id='passwd']
01:41:15.925 [main] INFO  oct1_log4j.LogFileImpl - Trying to find Element By : By.xpath: //select[@id='days']
01:41:15.976 [main] INFO  oct1_log4j.LogFileImpl - Found Element By : By.xpath: //select[@id='days']
01:41:16.160 [main] INFO  oct1_log4j.LogFileImpl - Trying to find Element By : By.xpath: //select[@id='months']
01:41:16.210 [main] INFO  oct1_log4j.LogFileImpl - Found Element By : By.xpath: //select[@id='months']
01:41:16.424 [main] INFO  oct1_log4j.LogFileImpl - Trying to find Element By : By.xpath: //select[@id='years']
01:41:16.463 [main] INFO  oct1_log4j.LogFileImpl - Found Element By : By.xpath: //select[@id='years']
01:41:16.642 [main] INFO  oct1_log4j.LogFileImpl - Trying to find Element By : By.xpath: //input[@id='newsletter']
01:41:16.690 [main] INFO  oct1_log4j.LogFileImpl - Found Element By : By.xpath: //input[@id='newsletter']
01:41:16.695 [main] INFO  oct1_log4j.LogFileImpl - Trying to click on: [[ChromeDriver: chrome on WINDOWS (1957246ca96adc0666e4cf190118f559)] -> xpath: //input[@id='newsletter']]
01:41:16.859 [main] INFO  oct1_log4j.LogFileImpl - Clicked on: [[ChromeDriver: chrome on WINDOWS (1957246ca96adc0666e4cf190118f559)] -> xpath: //input[@id='newsletter']]
01:41:16.859 [main] INFO  oct1_log4j.LogFileImpl - Trying to find Element By : By.xpath: //input[@id='optin']
01:41:16.898 [main] INFO  oct1_log4j.LogFileImpl - Found Element By : By.xpath: //input[@id='optin']
01:41:16.904 [main] INFO  oct1_log4j.LogFileImpl - Trying to click on: [[ChromeDriver: chrome on WINDOWS (1957246ca96adc0666e4cf190118f559)] -> xpath: //input[@id='optin']]
01:41:17.056 [main] INFO  oct1_log4j.LogFileImpl - Clicked on: [[ChromeDriver: chrome on WINDOWS (1957246ca96adc0666e4cf190118f559)] -> xpath: //input[@id='optin']]
01:41:17.056 [main] INFO  oct1_log4j.LogFileImpl - Trying to find Element By : By.xpath: //input[@id='firstname']
01:41:17.100 [main] INFO  oct1_log4j.LogFileImpl - Found Element By : By.xpath: //input[@id='firstname']
01:41:17.363 [main] INFO  oct1_log4j.LogFileImpl - Trying to find Element By : By.xpath: //input[@id='lastname']
01:41:17.421 [main] INFO  oct1_log4j.LogFileImpl - Found Element By : By.xpath: //input[@id='lastname']
01:41:17.629 [main] INFO  oct1_log4j.LogFileImpl - Trying to find Element By : By.xpath: //input[@id='company']
01:41:17.675 [main] INFO  oct1_log4j.LogFileImpl - Found Element By : By.xpath: //input[@id='company']
01:41:17.888 [main] INFO  oct1_log4j.LogFileImpl - Trying to find Element By : By.xpath: //input[@id='address1']
01:41:17.940 [main] INFO  oct1_log4j.LogFileImpl - Found Element By : By.xpath: //input[@id='address1']
01:41:18.224 [main] INFO  oct1_log4j.LogFileImpl - Trying to find Element By : By.xpath: //input[@id='address2']
01:41:18.268 [main] INFO  oct1_log4j.LogFileImpl - Found Element By : By.xpath: //input[@id='address2']
01:41:18.556 [main] INFO  oct1_log4j.LogFileImpl - Trying to find Element By : By.xpath: //input[@id='city']
01:41:18.599 [main] INFO  oct1_log4j.LogFileImpl - Found Element By : By.xpath: //input[@id='city']
01:41:18.815 [main] INFO  oct1_log4j.LogFileImpl - Trying to find Element By : By.xpath: //select[@id='id_state']
01:41:18.859 [main] INFO  oct1_log4j.LogFileImpl - Found Element By : By.xpath: //select[@id='id_state']
01:41:19.114 [main] INFO  oct1_log4j.LogFileImpl - Trying to find Element By : By.xpath: //input[@id='postcode']
01:41:19.157 [main] INFO  oct1_log4j.LogFileImpl - Found Element By : By.xpath: //input[@id='postcode']
01:41:19.352 [main] INFO  oct1_log4j.LogFileImpl - Trying to find Element By : By.xpath: //select[@id='id_country']
01:41:19.398 [main] INFO  oct1_log4j.LogFileImpl - Found Element By : By.xpath: //select[@id='id_country']
01:41:19.636 [main] INFO  oct1_log4j.LogFileImpl - Trying to find Element By : By.xpath: //textarea[@id='other']
01:41:19.682 [main] INFO  oct1_log4j.LogFileImpl - Found Element By : By.xpath: //textarea[@id='other']
01:41:19.905 [main] INFO  oct1_log4j.LogFileImpl - Trying to find Element By : By.xpath: //input[@id='phone']
01:41:19.951 [main] INFO  oct1_log4j.LogFileImpl - Found Element By : By.xpath: //input[@id='phone']
01:41:20.184 [main] INFO  oct1_log4j.LogFileImpl - Trying to find Element By : By.xpath: //input[@id='phone_mobile']
01:41:20.222 [main] INFO  oct1_log4j.LogFileImpl - Found Element By : By.xpath: //input[@id='phone_mobile']
01:41:20.446 [main] INFO  oct1_log4j.LogFileImpl - Trying to find Element By : By.xpath: //input[@id='alias']
01:41:20.490 [main] INFO  oct1_log4j.LogFileImpl - Found Element By : By.xpath: //input[@id='alias']
01:41:20.842 [main] INFO  oct1_log4j.LogFileImpl - Trying to find Element By : By.xpath: //button[@id='submitAccount']
01:41:20.947 [main] INFO  oct1_log4j.LogFileImpl - Found Element By : By.xpath: //button[@id='submitAccount']
01:41:20.948 [main] INFO  oct1_log4j.LogFileImpl - Trying to click on: [[ChromeDriver: chrome on WINDOWS (1957246ca96adc0666e4cf190118f559)] -> xpath: //button[@id='submitAccount']]
01:41:23.940 [main] INFO  oct1_log4j.LogFileImpl - Clicked on: [[ChromeDriver: chrome on WINDOWS (1957246ca96adc0666e4cf190118f559)] -> xpath: //button[@id='submitAccount']]
01:41:26.947 [main] INFO  oct1_log4j.LogFileImpl - Trying to find Element By : By.xpath: //h1[@class='page-heading']
01:41:27.003 [main] INFO  oct1_log4j.LogFileImpl - Found Element By : By.xpath: //h1[@class='page-heading']
01:41:30.061 [main] INFO  oct1_log4j.LogFileImpl - Trying to find Element By : By.linkText: Sign out
01:41:30.162 [main] INFO  oct1_log4j.LogFileImpl - Found Element By : By.linkText: Sign out
01:41:30.162 [main] INFO  oct1_log4j.LogFileImpl - Trying to click on: [[ChromeDriver: chrome on WINDOWS (1957246ca96adc0666e4cf190118f559)] -> link text: Sign out]
01:41:33.394 [main] INFO  oct1_log4j.LogFileImpl - Clicked on: [[ChromeDriver: chrome on WINDOWS (1957246ca96adc0666e4cf190118f559)] -> link text: Sign out]
01:41:47.206 [main] INFO  oct1_log4j.LogFileImpl - Trying to find Element By : By.linkText: Sign in
01:41:47.255 [main] INFO  oct1_log4j.LogFileImpl - Found Element By : By.linkText: Sign in
01:41:47.256 [main] INFO  oct1_log4j.LogFileImpl - Trying to click on: [[ChromeDriver: chrome on WINDOWS (1957246ca96adc0666e4cf190118f559)] -> link text: Sign in]
01:41:52.700 [main] INFO  oct1_log4j.LogFileImpl - Clicked on: [[ChromeDriver: chrome on WINDOWS (1957246ca96adc0666e4cf190118f559)] -> link text: Sign in]
01:41:52.708 [main] INFO  oct1_log4j.LogFileImpl - Trying to find Element By : By.xpath: //input[@id='email_create']
01:41:52.754 [main] INFO  oct1_log4j.LogFileImpl - Found Element By : By.xpath: //input[@id='email_create']
01:41:53.165 [main] INFO  oct1_log4j.LogFileImpl - Trying to find Element By : By.xpath: //button[@id='SubmitCreate']
01:41:53.199 [main] INFO  oct1_log4j.LogFileImpl - Found Element By : By.xpath: //button[@id='SubmitCreate']
01:41:53.209 [main] INFO  oct1_log4j.LogFileImpl - Trying to click on: [[ChromeDriver: chrome on WINDOWS (1957246ca96adc0666e4cf190118f559)] -> xpath: //button[@id='SubmitCreate']]
01:41:53.363 [main] INFO  oct1_log4j.LogFileImpl - Clicked on: [[ChromeDriver: chrome on WINDOWS (1957246ca96adc0666e4cf190118f559)] -> xpath: //button[@id='SubmitCreate']]
01:41:53.363 [main] INFO  oct1_log4j.LogFileImpl - Trying to find Element By : By.xpath: //input[@id='id_gender1']
01:41:56.859 [main] INFO  oct1_log4j.LogFileImpl - Found Element By : By.xpath: //input[@id='id_gender1']
01:41:56.867 [main] INFO  oct1_log4j.LogFileImpl - Trying to click on: [[ChromeDriver: chrome on WINDOWS (1957246ca96adc0666e4cf190118f559)] -> xpath: //input[@id='id_gender1']]
01:41:57.136 [main] INFO  oct1_log4j.LogFileImpl - Clicked on: [[ChromeDriver: chrome on WINDOWS (1957246ca96adc0666e4cf190118f559)] -> xpath: //input[@id='id_gender1']]
01:41:57.137 [main] INFO  oct1_log4j.LogFileImpl - Trying to find Element By : By.xpath: //input[@id='customer_firstname']
01:41:57.177 [main] INFO  oct1_log4j.LogFileImpl - Found Element By : By.xpath: //input[@id='customer_firstname']
01:41:57.685 [main] INFO  oct1_log4j.LogFileImpl - Trying to find Element By : By.xpath: //input[@id='customer_lastname']
01:41:57.760 [main] INFO  oct1_log4j.LogFileImpl - Found Element By : By.xpath: //input[@id='customer_lastname']
01:41:57.982 [main] INFO  oct1_log4j.LogFileImpl - Trying to find Element By : By.xpath: //select[@id='days']
01:41:58.042 [main] INFO  oct1_log4j.LogFileImpl - Found Element By : By.xpath: //select[@id='days']
01:41:58.216 [main] INFO  oct1_log4j.LogFileImpl - Trying to find Element By : By.xpath: //select[@id='months']
01:41:58.270 [main] INFO  oct1_log4j.LogFileImpl - Found Element By : By.xpath: //select[@id='months']
01:41:58.474 [main] INFO  oct1_log4j.LogFileImpl - Trying to find Element By : By.xpath: //select[@id='years']
01:41:58.511 [main] INFO  oct1_log4j.LogFileImpl - Found Element By : By.xpath: //select[@id='years']
01:41:58.693 [main] INFO  oct1_log4j.LogFileImpl - Trying to find Element By : By.xpath: //input[@id='newsletter']
01:41:58.733 [main] INFO  oct1_log4j.LogFileImpl - Found Element By : By.xpath: //input[@id='newsletter']
01:41:58.737 [main] INFO  oct1_log4j.LogFileImpl - Trying to click on: [[ChromeDriver: chrome on WINDOWS (1957246ca96adc0666e4cf190118f559)] -> xpath: //input[@id='newsletter']]
01:41:58.903 [main] INFO  oct1_log4j.LogFileImpl - Clicked on: [[ChromeDriver: chrome on WINDOWS (1957246ca96adc0666e4cf190118f559)] -> xpath: //input[@id='newsletter']]
01:41:58.903 [main] INFO  oct1_log4j.LogFileImpl - Trying to find Element By : By.xpath: //input[@id='optin']
01:41:58.942 [main] INFO  oct1_log4j.LogFileImpl - Found Element By : By.xpath: //input[@id='optin']
01:41:58.948 [main] INFO  oct1_log4j.LogFileImpl - Trying to click on: [[ChromeDriver: chrome on WINDOWS (1957246ca96adc0666e4cf190118f559)] -> xpath: //input[@id='optin']]
01:41:59.140 [main] INFO  oct1_log4j.LogFileImpl - Clicked on: [[ChromeDriver: chrome on WINDOWS (1957246ca96adc0666e4cf190118f559)] -> xpath: //input[@id='optin']]
01:41:59.141 [main] INFO  oct1_log4j.LogFileImpl - Trying to find Element By : By.xpath: //input[@id='firstname']
01:41:59.175 [main] INFO  oct1_log4j.LogFileImpl - Found Element By : By.xpath: //input[@id='firstname']
01:41:59.376 [main] INFO  oct1_log4j.LogFileImpl - Trying to find Element By : By.xpath: //input[@id='lastname']
01:41:59.422 [main] INFO  oct1_log4j.LogFileImpl - Found Element By : By.xpath: //input[@id='lastname']
01:41:59.619 [main] INFO  oct1_log4j.LogFileImpl - Trying to find Element By : By.xpath: //input[@id='company']
01:41:59.659 [main] INFO  oct1_log4j.LogFileImpl - Found Element By : By.xpath: //input[@id='company']
01:41:59.855 [main] INFO  oct1_log4j.LogFileImpl - Trying to find Element By : By.xpath: //input[@id='address1']
01:41:59.901 [main] INFO  oct1_log4j.LogFileImpl - Found Element By : By.xpath: //input[@id='address1']
01:42:00.199 [main] INFO  oct1_log4j.LogFileImpl - Trying to find Element By : By.xpath: //input[@id='address2']
01:42:00.241 [main] INFO  oct1_log4j.LogFileImpl - Found Element By : By.xpath: //input[@id='address2']
01:42:00.469 [main] INFO  oct1_log4j.LogFileImpl - Trying to find Element By : By.xpath: //input[@id='city']
01:42:00.517 [main] INFO  oct1_log4j.LogFileImpl - Found Element By : By.xpath: //input[@id='city']
01:42:00.715 [main] INFO  oct1_log4j.LogFileImpl - Trying to find Element By : By.xpath: //select[@id='id_state']
01:42:00.758 [main] INFO  oct1_log4j.LogFileImpl - Found Element By : By.xpath: //select[@id='id_state']
01:42:00.985 [main] INFO  oct1_log4j.LogFileImpl - Trying to find Element By : By.xpath: //input[@id='postcode']
01:42:01.032 [main] INFO  oct1_log4j.LogFileImpl - Found Element By : By.xpath: //input[@id='postcode']
01:42:01.262 [main] INFO  oct1_log4j.LogFileImpl - Trying to find Element By : By.xpath: //select[@id='id_country']
01:42:01.311 [main] INFO  oct1_log4j.LogFileImpl - Found Element By : By.xpath: //select[@id='id_country']
01:42:01.550 [main] INFO  oct1_log4j.LogFileImpl - Trying to find Element By : By.xpath: //textarea[@id='other']
01:42:01.593 [main] INFO  oct1_log4j.LogFileImpl - Found Element By : By.xpath: //textarea[@id='other']
01:42:01.792 [main] INFO  oct1_log4j.LogFileImpl - Trying to find Element By : By.xpath: //input[@id='phone']
01:42:01.837 [main] INFO  oct1_log4j.LogFileImpl - Found Element By : By.xpath: //input[@id='phone']
01:42:02.084 [main] INFO  oct1_log4j.LogFileImpl - Trying to find Element By : By.xpath: //input[@id='phone_mobile']
01:42:02.127 [main] INFO  oct1_log4j.LogFileImpl - Found Element By : By.xpath: //input[@id='phone_mobile']
01:42:02.327 [main] INFO  oct1_log4j.LogFileImpl - Trying to find Element By : By.xpath: //input[@id='alias']
01:42:02.377 [main] INFO  oct1_log4j.LogFileImpl - Found Element By : By.xpath: //input[@id='alias']
01:42:02.620 [main] INFO  oct1_log4j.LogFileImpl - Trying to find Element By : By.xpath: //button[@id='submitAccount']
01:42:02.686 [main] INFO  oct1_log4j.LogFileImpl - Found Element By : By.xpath: //button[@id='submitAccount']
01:42:02.686 [main] INFO  oct1_log4j.LogFileImpl - Trying to click on: [[ChromeDriver: chrome on WINDOWS (1957246ca96adc0666e4cf190118f559)] -> xpath: //button[@id='submitAccount']]
01:42:04.945 [main] INFO  oct1_log4j.LogFileImpl - Clicked on: [[ChromeDriver: chrome on WINDOWS (1957246ca96adc0666e4cf190118f559)] -> xpath: //button[@id='submitAccount']]
01:42:04.945 [main] INFO  oct1_log4j.LogFileImpl - Trying to find Element By : By.xpath:  //li[text()=' is required.']
01:42:05.006 [main] INFO  oct1_log4j.LogFileImpl - Found Element By : By.xpath:  //li[text()=' is required.']
01:42:18.917 [main] INFO  oct1_log4j.LogFileImpl - Trying to find Element By : By.linkText: Sign in
01:42:18.969 [main] INFO  oct1_log4j.LogFileImpl - Found Element By : By.linkText: Sign in
01:42:18.969 [main] INFO  oct1_log4j.LogFileImpl - Trying to click on: [[ChromeDriver: chrome on WINDOWS (1957246ca96adc0666e4cf190118f559)] -> link text: Sign in]
01:42:21.381 [main] INFO  oct1_log4j.LogFileImpl - Clicked on: [[ChromeDriver: chrome on WINDOWS (1957246ca96adc0666e4cf190118f559)] -> link text: Sign in]
01:42:21.387 [main] INFO  oct1_log4j.LogFileImpl - Trying to find Element By : By.xpath: //input[@id='email_create']
01:42:21.444 [main] INFO  oct1_log4j.LogFileImpl - Found Element By : By.xpath: //input[@id='email_create']
01:42:21.731 [main] INFO  oct1_log4j.LogFileImpl - Trying to find Element By : By.xpath: //button[@id='SubmitCreate']
01:42:21.772 [main] INFO  oct1_log4j.LogFileImpl - Found Element By : By.xpath: //button[@id='SubmitCreate']
01:42:21.777 [main] INFO  oct1_log4j.LogFileImpl - Trying to click on: [[ChromeDriver: chrome on WINDOWS (1957246ca96adc0666e4cf190118f559)] -> xpath: //button[@id='SubmitCreate']]
01:42:21.935 [main] INFO  oct1_log4j.LogFileImpl - Clicked on: [[ChromeDriver: chrome on WINDOWS (1957246ca96adc0666e4cf190118f559)] -> xpath: //button[@id='SubmitCreate']]
01:42:21.936 [main] INFO  oct1_log4j.LogFileImpl - Trying to find Element By : By.xpath: //input[@id='id_gender1']
01:42:23.758 [main] INFO  oct1_log4j.LogFileImpl - Found Element By : By.xpath: //input[@id='id_gender1']
01:42:23.768 [main] INFO  oct1_log4j.LogFileImpl - Trying to click on: [[ChromeDriver: chrome on WINDOWS (1957246ca96adc0666e4cf190118f559)] -> xpath: //input[@id='id_gender1']]
01:42:23.987 [main] INFO  oct1_log4j.LogFileImpl - Clicked on: [[ChromeDriver: chrome on WINDOWS (1957246ca96adc0666e4cf190118f559)] -> xpath: //input[@id='id_gender1']]
01:42:23.988 [main] INFO  oct1_log4j.LogFileImpl - Trying to find Element By : By.xpath: //input[@id='customer_firstname']
01:42:24.047 [main] INFO  oct1_log4j.LogFileImpl - Found Element By : By.xpath: //input[@id='customer_firstname']
01:42:24.319 [main] INFO  oct1_log4j.LogFileImpl - Trying to find Element By : By.xpath: //input[@id='customer_lastname']
01:42:24.548 [main] INFO  oct1_log4j.LogFileImpl - Found Element By : By.xpath: //input[@id='customer_lastname']
01:42:24.814 [main] INFO  oct1_log4j.LogFileImpl - Trying to find Element By : By.xpath: //input[@id='passwd']
01:42:24.893 [main] INFO  oct1_log4j.LogFileImpl - Found Element By : By.xpath: //input[@id='passwd']
01:42:25.127 [main] INFO  oct1_log4j.LogFileImpl - Trying to find Element By : By.xpath: //select[@id='days']
01:42:25.179 [main] INFO  oct1_log4j.LogFileImpl - Found Element By : By.xpath: //select[@id='days']
01:42:25.339 [main] INFO  oct1_log4j.LogFileImpl - Trying to find Element By : By.xpath: //select[@id='years']
01:42:25.378 [main] INFO  oct1_log4j.LogFileImpl - Found Element By : By.xpath: //select[@id='years']
01:42:25.577 [main] INFO  oct1_log4j.LogFileImpl - Trying to find Element By : By.xpath: //input[@id='newsletter']
01:42:25.618 [main] INFO  oct1_log4j.LogFileImpl - Found Element By : By.xpath: //input[@id='newsletter']
01:42:25.622 [main] INFO  oct1_log4j.LogFileImpl - Trying to click on: [[ChromeDriver: chrome on WINDOWS (1957246ca96adc0666e4cf190118f559)] -> xpath: //input[@id='newsletter']]
01:42:25.782 [main] INFO  oct1_log4j.LogFileImpl - Clicked on: [[ChromeDriver: chrome on WINDOWS (1957246ca96adc0666e4cf190118f559)] -> xpath: //input[@id='newsletter']]
01:42:25.782 [main] INFO  oct1_log4j.LogFileImpl - Trying to find Element By : By.xpath: //input[@id='optin']
01:42:25.826 [main] INFO  oct1_log4j.LogFileImpl - Found Element By : By.xpath: //input[@id='optin']
01:42:25.833 [main] INFO  oct1_log4j.LogFileImpl - Trying to click on: [[ChromeDriver: chrome on WINDOWS (1957246ca96adc0666e4cf190118f559)] -> xpath: //input[@id='optin']]
01:42:25.986 [main] INFO  oct1_log4j.LogFileImpl - Clicked on: [[ChromeDriver: chrome on WINDOWS (1957246ca96adc0666e4cf190118f559)] -> xpath: //input[@id='optin']]
01:42:25.986 [main] INFO  oct1_log4j.LogFileImpl - Trying to find Element By : By.xpath: //input[@id='firstname']
01:42:26.025 [main] INFO  oct1_log4j.LogFileImpl - Found Element By : By.xpath: //input[@id='firstname']
01:42:26.241 [main] INFO  oct1_log4j.LogFileImpl - Trying to find Element By : By.xpath: //input[@id='lastname']
01:42:26.280 [main] INFO  oct1_log4j.LogFileImpl - Found Element By : By.xpath: //input[@id='lastname']
01:42:26.483 [main] INFO  oct1_log4j.LogFileImpl - Trying to find Element By : By.xpath: //input[@id='company']
01:42:26.527 [main] INFO  oct1_log4j.LogFileImpl - Found Element By : By.xpath: //input[@id='company']
01:42:26.757 [main] INFO  oct1_log4j.LogFileImpl - Trying to find Element By : By.xpath: //input[@id='address1']
01:42:26.831 [main] INFO  oct1_log4j.LogFileImpl - Found Element By : By.xpath: //input[@id='address1']
01:42:27.103 [main] INFO  oct1_log4j.LogFileImpl - Trying to find Element By : By.xpath: //input[@id='address2']
01:42:27.156 [main] INFO  oct1_log4j.LogFileImpl - Found Element By : By.xpath: //input[@id='address2']
01:42:27.406 [main] INFO  oct1_log4j.LogFileImpl - Trying to find Element By : By.xpath: //input[@id='city']
01:42:27.451 [main] INFO  oct1_log4j.LogFileImpl - Found Element By : By.xpath: //input[@id='city']
01:42:27.660 [main] INFO  oct1_log4j.LogFileImpl - Trying to find Element By : By.xpath: //select[@id='id_state']
01:42:27.700 [main] INFO  oct1_log4j.LogFileImpl - Found Element By : By.xpath: //select[@id='id_state']
01:42:27.915 [main] INFO  oct1_log4j.LogFileImpl - Trying to find Element By : By.xpath: //input[@id='postcode']
01:42:27.962 [main] INFO  oct1_log4j.LogFileImpl - Found Element By : By.xpath: //input[@id='postcode']
01:42:28.176 [main] INFO  oct1_log4j.LogFileImpl - Trying to find Element By : By.xpath: //select[@id='id_country']
01:42:28.228 [main] INFO  oct1_log4j.LogFileImpl - Found Element By : By.xpath: //select[@id='id_country']
01:42:28.428 [main] INFO  oct1_log4j.LogFileImpl - Trying to find Element By : By.xpath: //textarea[@id='other']
01:42:28.482 [main] INFO  oct1_log4j.LogFileImpl - Found Element By : By.xpath: //textarea[@id='other']
01:42:28.681 [main] INFO  oct1_log4j.LogFileImpl - Trying to find Element By : By.xpath: //input[@id='phone']
01:42:28.721 [main] INFO  oct1_log4j.LogFileImpl - Found Element By : By.xpath: //input[@id='phone']
01:42:28.957 [main] INFO  oct1_log4j.LogFileImpl - Trying to find Element By : By.xpath: //input[@id='phone_mobile']
01:42:28.999 [main] INFO  oct1_log4j.LogFileImpl - Found Element By : By.xpath: //input[@id='phone_mobile']
01:42:29.199 [main] INFO  oct1_log4j.LogFileImpl - Trying to find Element By : By.xpath: //input[@id='alias']
01:42:29.242 [main] INFO  oct1_log4j.LogFileImpl - Found Element By : By.xpath: //input[@id='alias']
01:42:29.417 [main] INFO  oct1_log4j.LogFileImpl - Trying to find Element By : By.xpath: //button[@id='submitAccount']
01:42:29.503 [main] INFO  oct1_log4j.LogFileImpl - Found Element By : By.xpath: //button[@id='submitAccount']
01:42:29.503 [main] INFO  oct1_log4j.LogFileImpl - Trying to click on: [[ChromeDriver: chrome on WINDOWS (1957246ca96adc0666e4cf190118f559)] -> xpath: //button[@id='submitAccount']]
01:42:31.927 [main] INFO  oct1_log4j.LogFileImpl - Clicked on: [[ChromeDriver: chrome on WINDOWS (1957246ca96adc0666e4cf190118f559)] -> xpath: //button[@id='submitAccount']]
01:42:31.928 [main] INFO  oct1_log4j.LogFileImpl - Trying to find Element By : By.xpath: //li[text()='Invalid date of birth']
01:42:31.984 [main] INFO  oct1_log4j.LogFileImpl - Found Element By : By.xpath: //li[text()='Invalid date of birth']
01:42:46.344 [main] INFO  oct1_log4j.LogFileImpl - Trying to find Element By : By.linkText: Sign in
01:42:46.414 [main] INFO  oct1_log4j.LogFileImpl - Found Element By : By.linkText: Sign in
01:42:46.415 [main] INFO  oct1_log4j.LogFileImpl - Trying to click on: [[ChromeDriver: chrome on WINDOWS (1957246ca96adc0666e4cf190118f559)] -> link text: Sign in]
01:42:48.959 [main] INFO  oct1_log4j.LogFileImpl - Clicked on: [[ChromeDriver: chrome on WINDOWS (1957246ca96adc0666e4cf190118f559)] -> link text: Sign in]
01:42:48.966 [main] INFO  oct1_log4j.LogFileImpl - Trying to find Element By : By.xpath: //input[@id='email_create']
01:42:49.008 [main] INFO  oct1_log4j.LogFileImpl - Found Element By : By.xpath: //input[@id='email_create']
01:42:49.323 [main] INFO  oct1_log4j.LogFileImpl - Trying to find Element By : By.xpath: //button[@id='SubmitCreate']
01:42:49.361 [main] INFO  oct1_log4j.LogFileImpl - Found Element By : By.xpath: //button[@id='SubmitCreate']
01:42:49.365 [main] INFO  oct1_log4j.LogFileImpl - Trying to click on: [[ChromeDriver: chrome on WINDOWS (1957246ca96adc0666e4cf190118f559)] -> xpath: //button[@id='SubmitCreate']]
01:42:49.536 [main] INFO  oct1_log4j.LogFileImpl - Clicked on: [[ChromeDriver: chrome on WINDOWS (1957246ca96adc0666e4cf190118f559)] -> xpath: //button[@id='SubmitCreate']]
01:42:49.536 [main] INFO  oct1_log4j.LogFileImpl - Trying to find Element By : By.xpath: //input[@id='id_gender1']
01:42:51.112 [main] INFO  oct1_log4j.LogFileImpl - Found Element By : By.xpath: //input[@id='id_gender1']
01:42:51.117 [main] INFO  oct1_log4j.LogFileImpl - Trying to click on: [[ChromeDriver: chrome on WINDOWS (1957246ca96adc0666e4cf190118f559)] -> xpath: //input[@id='id_gender1']]
01:42:51.289 [main] INFO  oct1_log4j.LogFileImpl - Clicked on: [[ChromeDriver: chrome on WINDOWS (1957246ca96adc0666e4cf190118f559)] -> xpath: //input[@id='id_gender1']]
01:42:51.290 [main] INFO  oct1_log4j.LogFileImpl - Trying to find Element By : By.xpath: //input[@id='customer_firstname']
01:42:51.347 [main] INFO  oct1_log4j.LogFileImpl - Found Element By : By.xpath: //input[@id='customer_firstname']
01:42:51.650 [main] INFO  oct1_log4j.LogFileImpl - Trying to find Element By : By.xpath: //input[@id='customer_lastname']
01:42:51.877 [main] INFO  oct1_log4j.LogFileImpl - Found Element By : By.xpath: //input[@id='customer_lastname']
01:42:52.112 [main] INFO  oct1_log4j.LogFileImpl - Trying to find Element By : By.xpath: //input[@id='passwd']
01:42:52.151 [main] INFO  oct1_log4j.LogFileImpl - Found Element By : By.xpath: //input[@id='passwd']
01:42:52.363 [main] INFO  oct1_log4j.LogFileImpl - Trying to find Element By : By.xpath: //select[@id='months']
01:42:52.427 [main] INFO  oct1_log4j.LogFileImpl - Found Element By : By.xpath: //select[@id='months']
01:42:52.622 [main] INFO  oct1_log4j.LogFileImpl - Trying to find Element By : By.xpath: //select[@id='years']
01:42:52.668 [main] INFO  oct1_log4j.LogFileImpl - Found Element By : By.xpath: //select[@id='years']
01:42:52.905 [main] INFO  oct1_log4j.LogFileImpl - Trying to find Element By : By.xpath: //input[@id='newsletter']
01:42:52.972 [main] INFO  oct1_log4j.LogFileImpl - Found Element By : By.xpath: //input[@id='newsletter']
01:42:52.976 [main] INFO  oct1_log4j.LogFileImpl - Trying to click on: [[ChromeDriver: chrome on WINDOWS (1957246ca96adc0666e4cf190118f559)] -> xpath: //input[@id='newsletter']]
01:42:53.156 [main] INFO  oct1_log4j.LogFileImpl - Clicked on: [[ChromeDriver: chrome on WINDOWS (1957246ca96adc0666e4cf190118f559)] -> xpath: //input[@id='newsletter']]
01:42:53.156 [main] INFO  oct1_log4j.LogFileImpl - Trying to find Element By : By.xpath: //input[@id='optin']
01:42:53.201 [main] INFO  oct1_log4j.LogFileImpl - Found Element By : By.xpath: //input[@id='optin']
01:42:53.209 [main] INFO  oct1_log4j.LogFileImpl - Trying to click on: [[ChromeDriver: chrome on WINDOWS (1957246ca96adc0666e4cf190118f559)] -> xpath: //input[@id='optin']]
01:42:53.361 [main] INFO  oct1_log4j.LogFileImpl - Clicked on: [[ChromeDriver: chrome on WINDOWS (1957246ca96adc0666e4cf190118f559)] -> xpath: //input[@id='optin']]
01:42:53.362 [main] INFO  oct1_log4j.LogFileImpl - Trying to find Element By : By.xpath: //input[@id='firstname']
01:42:53.397 [main] INFO  oct1_log4j.LogFileImpl - Found Element By : By.xpath: //input[@id='firstname']
01:42:53.634 [main] INFO  oct1_log4j.LogFileImpl - Trying to find Element By : By.xpath: //input[@id='lastname']
01:42:53.678 [main] INFO  oct1_log4j.LogFileImpl - Found Element By : By.xpath: //input[@id='lastname']
01:42:53.910 [main] INFO  oct1_log4j.LogFileImpl - Trying to find Element By : By.xpath: //input[@id='company']
01:42:53.949 [main] INFO  oct1_log4j.LogFileImpl - Found Element By : By.xpath: //input[@id='company']
01:42:54.170 [main] INFO  oct1_log4j.LogFileImpl - Trying to find Element By : By.xpath: //input[@id='address1']
01:42:54.213 [main] INFO  oct1_log4j.LogFileImpl - Found Element By : By.xpath: //input[@id='address1']
01:42:54.487 [main] INFO  oct1_log4j.LogFileImpl - Trying to find Element By : By.xpath: //input[@id='address2']
01:42:54.518 [main] INFO  oct1_log4j.LogFileImpl - Found Element By : By.xpath: //input[@id='address2']
01:42:54.790 [main] INFO  oct1_log4j.LogFileImpl - Trying to find Element By : By.xpath: //input[@id='city']
01:42:54.830 [main] INFO  oct1_log4j.LogFileImpl - Found Element By : By.xpath: //input[@id='city']
01:42:55.061 [main] INFO  oct1_log4j.LogFileImpl - Trying to find Element By : By.xpath: //select[@id='id_state']
01:42:55.102 [main] INFO  oct1_log4j.LogFileImpl - Found Element By : By.xpath: //select[@id='id_state']
01:42:55.379 [main] INFO  oct1_log4j.LogFileImpl - Trying to find Element By : By.xpath: //input[@id='postcode']
01:42:55.413 [main] INFO  oct1_log4j.LogFileImpl - Found Element By : By.xpath: //input[@id='postcode']
01:42:55.637 [main] INFO  oct1_log4j.LogFileImpl - Trying to find Element By : By.xpath: //select[@id='id_country']
01:42:55.673 [main] INFO  oct1_log4j.LogFileImpl - Found Element By : By.xpath: //select[@id='id_country']
01:42:55.944 [main] INFO  oct1_log4j.LogFileImpl - Trying to find Element By : By.xpath: //textarea[@id='other']
01:42:55.997 [main] INFO  oct1_log4j.LogFileImpl - Found Element By : By.xpath: //textarea[@id='other']
01:42:56.212 [main] INFO  oct1_log4j.LogFileImpl - Trying to find Element By : By.xpath: //input[@id='phone']
01:42:56.278 [main] INFO  oct1_log4j.LogFileImpl - Found Element By : By.xpath: //input[@id='phone']
01:42:56.615 [main] INFO  oct1_log4j.LogFileImpl - Trying to find Element By : By.xpath: //input[@id='phone_mobile']
01:42:56.683 [main] INFO  oct1_log4j.LogFileImpl - Found Element By : By.xpath: //input[@id='phone_mobile']
01:42:56.916 [main] INFO  oct1_log4j.LogFileImpl - Trying to find Element By : By.xpath: //input[@id='alias']
01:42:56.972 [main] INFO  oct1_log4j.LogFileImpl - Found Element By : By.xpath: //input[@id='alias']
01:42:57.270 [main] INFO  oct1_log4j.LogFileImpl - Trying to find Element By : By.xpath: //button[@id='submitAccount']
01:42:57.320 [main] INFO  oct1_log4j.LogFileImpl - Found Element By : By.xpath: //button[@id='submitAccount']
01:42:57.321 [main] INFO  oct1_log4j.LogFileImpl - Trying to click on: [[ChromeDriver: chrome on WINDOWS (1957246ca96adc0666e4cf190118f559)] -> xpath: //button[@id='submitAccount']]
01:42:59.594 [main] INFO  oct1_log4j.LogFileImpl - Clicked on: [[ChromeDriver: chrome on WINDOWS (1957246ca96adc0666e4cf190118f559)] -> xpath: //button[@id='submitAccount']]
01:42:59.594 [main] INFO  oct1_log4j.LogFileImpl - Trying to find Element By : By.xpath: //li[text()='Invalid date of birth']
01:42:59.652 [main] INFO  oct1_log4j.LogFileImpl - Found Element By : By.xpath: //li[text()='Invalid date of birth']
01:43:25.106 [main] INFO  oct1_log4j.LogFileImpl - Trying to find Element By : By.linkText: Contact us
01:43:25.170 [main] INFO  oct1_log4j.LogFileImpl - Found Element By : By.linkText: Contact us
01:43:25.171 [main] INFO  oct1_log4j.LogFileImpl - Trying to click on: [[ChromeDriver: chrome on WINDOWS (17a4ab03f0d7db36b8f45034291bc891)] -> link text: Contact us]
01:43:27.153 [main] INFO  oct1_log4j.LogFileImpl - Clicked on: [[ChromeDriver: chrome on WINDOWS (17a4ab03f0d7db36b8f45034291bc891)] -> link text: Contact us]
01:43:27.167 [main] INFO  oct1_log4j.LogFileImpl - Trying to find Element By : By.xpath: //h1[@class='page-heading bottom-indent']
01:43:27.212 [main] INFO  oct1_log4j.LogFileImpl - Found Element By : By.xpath: //h1[@class='page-heading bottom-indent']
01:43:27.247 [main] INFO  oct1_log4j.LogFileImpl - Trying to find Element By : By.xpath: //select[@id='id_contact']
01:43:27.286 [main] INFO  oct1_log4j.LogFileImpl - Found Element By : By.xpath: //select[@id='id_contact']
01:43:27.547 [main] INFO  oct1_log4j.LogFileImpl - Trying to find Element By : By.xpath: //input[@class='form-control grey validate']
01:43:27.592 [main] INFO  oct1_log4j.LogFileImpl - Found Element By : By.xpath: //input[@class='form-control grey validate']
01:43:27.813 [main] INFO  oct1_log4j.LogFileImpl - Trying to find Element By : By.xpath: //input[@class='form-control grey']
01:43:27.853 [main] INFO  oct1_log4j.LogFileImpl - Found Element By : By.xpath: //input[@class='form-control grey']
01:43:28.021 [main] INFO  oct1_log4j.LogFileImpl - Trying to find Element By : By.xpath: //textarea[@id='message']
01:43:28.112 [main] INFO  oct1_log4j.LogFileImpl - Found Element By : By.xpath: //textarea[@id='message']
01:43:28.331 [main] INFO  oct1_log4j.LogFileImpl - Trying to find Element By : By.xpath: //button[@id='submitMessage']
01:43:28.376 [main] INFO  oct1_log4j.LogFileImpl - Found Element By : By.xpath: //button[@id='submitMessage']
01:43:28.376 [main] INFO  oct1_log4j.LogFileImpl - Trying to click on: [[ChromeDriver: chrome on WINDOWS (17a4ab03f0d7db36b8f45034291bc891)] -> xpath: //button[@id='submitMessage']]
01:43:29.735 [main] INFO  oct1_log4j.LogFileImpl - Clicked on: [[ChromeDriver: chrome on WINDOWS (17a4ab03f0d7db36b8f45034291bc891)] -> xpath: //button[@id='submitMessage']]
01:43:29.742 [main] INFO  oct1_log4j.LogFileImpl - Trying to find Element By : By.xpath: //p[@class='alert alert-success']
01:43:29.786 [main] INFO  oct1_log4j.LogFileImpl - Found Element By : By.xpath: //p[@class='alert alert-success']
01:43:43.726 [main] INFO  oct1_log4j.LogFileImpl - Trying to find Element By : By.linkText: Contact us
01:43:43.786 [main] INFO  oct1_log4j.LogFileImpl - Found Element By : By.linkText: Contact us
01:43:43.792 [main] INFO  oct1_log4j.LogFileImpl - Trying to click on: [[ChromeDriver: chrome on WINDOWS (17a4ab03f0d7db36b8f45034291bc891)] -> link text: Contact us]
01:43:45.685 [main] INFO  oct1_log4j.LogFileImpl - Clicked on: [[ChromeDriver: chrome on WINDOWS (17a4ab03f0d7db36b8f45034291bc891)] -> link text: Contact us]
01:43:45.686 [main] INFO  oct1_log4j.LogFileImpl - Trying to find Element By : By.xpath: //h1[@class='page-heading bottom-indent']
01:43:45.727 [main] INFO  oct1_log4j.LogFileImpl - Found Element By : By.xpath: //h1[@class='page-heading bottom-indent']
01:43:45.775 [main] INFO  oct1_log4j.LogFileImpl - Trying to find Element By : By.xpath: //select[@id='id_contact']
01:43:45.818 [main] INFO  oct1_log4j.LogFileImpl - Found Element By : By.xpath: //select[@id='id_contact']
01:43:46.002 [main] INFO  oct1_log4j.LogFileImpl - Trying to find Element By : By.xpath: //input[@class='form-control grey validate']
01:43:46.036 [main] INFO  oct1_log4j.LogFileImpl - Found Element By : By.xpath: //input[@class='form-control grey validate']
01:43:46.290 [main] INFO  oct1_log4j.LogFileImpl - Trying to find Element By : By.xpath: //input[@class='form-control grey']
01:43:46.337 [main] INFO  oct1_log4j.LogFileImpl - Found Element By : By.xpath: //input[@class='form-control grey']
01:43:46.520 [main] INFO  oct1_log4j.LogFileImpl - Trying to find Element By : By.xpath: //textarea[@id='message']
01:43:46.557 [main] INFO  oct1_log4j.LogFileImpl - Found Element By : By.xpath: //textarea[@id='message']
01:43:46.709 [main] INFO  oct1_log4j.LogFileImpl - Trying to find Element By : By.xpath: //button[@id='submitMessage']
01:43:46.747 [main] INFO  oct1_log4j.LogFileImpl - Found Element By : By.xpath: //button[@id='submitMessage']
01:43:46.760 [main] INFO  oct1_log4j.LogFileImpl - Trying to click on: [[ChromeDriver: chrome on WINDOWS (17a4ab03f0d7db36b8f45034291bc891)] -> xpath: //button[@id='submitMessage']]
01:43:48.102 [main] INFO  oct1_log4j.LogFileImpl - Clicked on: [[ChromeDriver: chrome on WINDOWS (17a4ab03f0d7db36b8f45034291bc891)] -> xpath: //button[@id='submitMessage']]
01:43:48.103 [main] INFO  oct1_log4j.LogFileImpl - Trying to find Element By : By.xpath: //li[text()='The message cannot be blank.']
01:43:48.155 [main] INFO  oct1_log4j.LogFileImpl - Found Element By : By.xpath: //li[text()='The message cannot be blank.']
01:44:02.982 [main] INFO  oct1_log4j.LogFileImpl - Trying to find Element By : By.xpath: (//a[@class='sf-with-ul'])[1]
01:44:03.024 [main] INFO  oct1_log4j.LogFileImpl - Found Element By : By.xpath: (//a[@class='sf-with-ul'])[1]
01:44:03.024 [main] INFO  oct1_log4j.LogFileImpl - Trying to click on: [[ChromeDriver: chrome on WINDOWS (1608b51396167c899f6206e76c46250d)] -> xpath: (//a[@class='sf-with-ul'])[1]]
01:44:06.301 [main] INFO  oct1_log4j.LogFileImpl - Clicked on: [[ChromeDriver: chrome on WINDOWS (1608b51396167c899f6206e76c46250d)] -> xpath: (//a[@class='sf-with-ul'])[1]]
01:44:06.306 [main] INFO  oct1_log4j.LogFileImpl - Trying to find Element By : By.xpath: (//a[@class='product-name'])[3]
01:44:06.353 [main] INFO  oct1_log4j.LogFileImpl - Found Element By : By.xpath: (//a[@class='product-name'])[3]
01:44:06.355 [main] INFO  oct1_log4j.LogFileImpl - Trying to click on: [[ChromeDriver: chrome on WINDOWS (1608b51396167c899f6206e76c46250d)] -> xpath: (//a[@class='product-name'])[3]]
01:44:09.009 [main] INFO  oct1_log4j.LogFileImpl - Clicked on: [[ChromeDriver: chrome on WINDOWS (1608b51396167c899f6206e76c46250d)] -> xpath: (//a[@class='product-name'])[3]]
01:44:09.013 [main] INFO  oct1_log4j.LogFileImpl - Trying to find Element By : By.xpath: //button[@class='exclusive']
01:44:09.078 [main] INFO  oct1_log4j.LogFileImpl - Found Element By : By.xpath: //button[@class='exclusive']
01:44:09.079 [main] INFO  oct1_log4j.LogFileImpl - Trying to click on: [[ChromeDriver: chrome on WINDOWS (1608b51396167c899f6206e76c46250d)] -> xpath: //button[@class='exclusive']]
01:44:09.262 [main] INFO  oct1_log4j.LogFileImpl - Clicked on: [[ChromeDriver: chrome on WINDOWS (1608b51396167c899f6206e76c46250d)] -> xpath: //button[@class='exclusive']]
01:44:09.266 [main] INFO  oct1_log4j.LogFileImpl - Trying to find Element By : By.xpath: //a[@class='btn btn-default button button-medium']
01:44:09.393 [main] INFO  oct1_log4j.LogFileImpl - Found Element By : By.xpath: //a[@class='btn btn-default button button-medium']
01:44:09.393 [main] INFO  oct1_log4j.LogFileImpl - Trying to click on: [[ChromeDriver: chrome on WINDOWS (1608b51396167c899f6206e76c46250d)] -> xpath: //a[@class='btn btn-default button button-medium']]
01:44:12.025 [main] INFO  oct1_log4j.LogFileImpl - Clicked on: [[ChromeDriver: chrome on WINDOWS (1608b51396167c899f6206e76c46250d)] -> xpath: //a[@class='btn btn-default button button-medium']]
01:44:12.029 [main] INFO  oct1_log4j.LogFileImpl - Trying to find Element By : By.xpath: //a[@class='button btn btn-default standard-checkout button-medium']
01:44:12.066 [main] INFO  oct1_log4j.LogFileImpl - Found Element By : By.xpath: //a[@class='button btn btn-default standard-checkout button-medium']
01:44:12.067 [main] INFO  oct1_log4j.LogFileImpl - Trying to click on: [[ChromeDriver: chrome on WINDOWS (1608b51396167c899f6206e76c46250d)] -> xpath: //a[@class='button btn btn-default standard-checkout button-medium']]
01:44:14.789 [main] INFO  oct1_log4j.LogFileImpl - Clicked on: [[ChromeDriver: chrome on WINDOWS (1608b51396167c899f6206e76c46250d)] -> xpath: //a[@class='button btn btn-default standard-checkout button-medium']]
01:44:14.789 [main] INFO  oct1_log4j.LogFileImpl - Trying to find Element By : By.xpath: //input[@id='email']
01:44:14.832 [main] INFO  oct1_log4j.LogFileImpl - Found Element By : By.xpath: //input[@id='email']
01:44:15.198 [main] INFO  oct1_log4j.LogFileImpl - Trying to find Element By : By.xpath: //input[@id='passwd']
01:44:15.234 [main] INFO  oct1_log4j.LogFileImpl - Found Element By : By.xpath: //input[@id='passwd']
01:44:15.505 [main] INFO  oct1_log4j.LogFileImpl - Trying to find Element By : By.xpath: //button[@id='SubmitLogin']
01:44:15.558 [main] INFO  oct1_log4j.LogFileImpl - Found Element By : By.xpath: //button[@id='SubmitLogin']
01:44:15.558 [main] INFO  oct1_log4j.LogFileImpl - Trying to click on: [[ChromeDriver: chrome on WINDOWS (1608b51396167c899f6206e76c46250d)] -> xpath: //button[@id='SubmitLogin']]
01:44:17.923 [main] INFO  oct1_log4j.LogFileImpl - Clicked on: [[ChromeDriver: chrome on WINDOWS (1608b51396167c899f6206e76c46250d)] -> xpath: //button[@id='SubmitLogin']]
01:44:17.923 [main] INFO  oct1_log4j.LogFileImpl - Trying to find Element By : By.xpath: //button[@class='button btn btn-default button-medium']
01:44:17.971 [main] INFO  oct1_log4j.LogFileImpl - Found Element By : By.xpath: //button[@class='button btn btn-default button-medium']
01:44:17.973 [main] INFO  oct1_log4j.LogFileImpl - Trying to click on: [[ChromeDriver: chrome on WINDOWS (1608b51396167c899f6206e76c46250d)] -> xpath: //button[@class='button btn btn-default button-medium']]
01:44:19.696 [main] INFO  oct1_log4j.LogFileImpl - Clicked on: [[ChromeDriver: chrome on WINDOWS (1608b51396167c899f6206e76c46250d)] -> xpath: //button[@class='button btn btn-default button-medium']]
01:44:19.696 [main] INFO  oct1_log4j.LogFileImpl - Trying to find Element By : By.xpath: //input[@id='cgv']
01:44:19.738 [main] INFO  oct1_log4j.LogFileImpl - Found Element By : By.xpath: //input[@id='cgv']
01:44:19.741 [main] INFO  oct1_log4j.LogFileImpl - Trying to click on: [[ChromeDriver: chrome on WINDOWS (1608b51396167c899f6206e76c46250d)] -> xpath: //input[@id='cgv']]
01:44:19.928 [main] INFO  oct1_log4j.LogFileImpl - Clicked on: [[ChromeDriver: chrome on WINDOWS (1608b51396167c899f6206e76c46250d)] -> xpath: //input[@id='cgv']]
01:44:19.928 [main] INFO  oct1_log4j.LogFileImpl - Trying to find Element By : By.xpath: //button[@class='button btn btn-default standard-checkout button-medium']
01:44:19.965 [main] INFO  oct1_log4j.LogFileImpl - Found Element By : By.xpath: //button[@class='button btn btn-default standard-checkout button-medium']
01:44:19.971 [main] INFO  oct1_log4j.LogFileImpl - Trying to click on: [[ChromeDriver: chrome on WINDOWS (1608b51396167c899f6206e76c46250d)] -> xpath: //button[@class='button btn btn-default standard-checkout button-medium']]
01:44:21.485 [main] INFO  oct1_log4j.LogFileImpl - Clicked on: [[ChromeDriver: chrome on WINDOWS (1608b51396167c899f6206e76c46250d)] -> xpath: //button[@class='button btn btn-default standard-checkout button-medium']]
01:44:21.485 [main] INFO  oct1_log4j.LogFileImpl - Trying to find Element By : By.xpath: (//p[@class='payment_module'])[1]
01:44:21.531 [main] INFO  oct1_log4j.LogFileImpl - Found Element By : By.xpath: (//p[@class='payment_module'])[1]
01:44:21.531 [main] INFO  oct1_log4j.LogFileImpl - Trying to click on: [[ChromeDriver: chrome on WINDOWS (1608b51396167c899f6206e76c46250d)] -> xpath: (//p[@class='payment_module'])[1]]
01:44:22.826 [main] INFO  oct1_log4j.LogFileImpl - Clicked on: [[ChromeDriver: chrome on WINDOWS (1608b51396167c899f6206e76c46250d)] -> xpath: (//p[@class='payment_module'])[1]]
01:44:22.827 [main] INFO  oct1_log4j.LogFileImpl - Trying to find Element By : By.xpath: //button[@class='button btn btn-default button-medium']
01:44:22.869 [main] INFO  oct1_log4j.LogFileImpl - Found Element By : By.xpath: //button[@class='button btn btn-default button-medium']
01:44:22.870 [main] INFO  oct1_log4j.LogFileImpl - Trying to click on: [[ChromeDriver: chrome on WINDOWS (1608b51396167c899f6206e76c46250d)] -> xpath: //button[@class='button btn btn-default button-medium']]
01:44:25.455 [main] INFO  oct1_log4j.LogFileImpl - Clicked on: [[ChromeDriver: chrome on WINDOWS (1608b51396167c899f6206e76c46250d)] -> xpath: //button[@class='button btn btn-default button-medium']]
01:44:25.456 [main] INFO  oct1_log4j.LogFileImpl - Trying to find Element By : By.xpath: (//strong[@class='dark'])[6]
01:44:25.525 [main] INFO  oct1_log4j.LogFileImpl - Found Element By : By.xpath: (//strong[@class='dark'])[6]
01:44:47.023 [main] INFO  oct1_log4j.LogFileImpl - Trying to find Element By : By.linkText: Sign in
01:44:47.085 [main] INFO  oct1_log4j.LogFileImpl - Found Element By : By.linkText: Sign in
01:44:47.086 [main] INFO  oct1_log4j.LogFileImpl - Trying to click on: [[ChromeDriver: chrome on WINDOWS (f919594c53e855e4f24577034ee06559)] -> link text: Sign in]
01:44:51.221 [main] INFO  oct1_log4j.LogFileImpl - Clicked on: [[ChromeDriver: chrome on WINDOWS (f919594c53e855e4f24577034ee06559)] -> link text: Sign in]
01:44:51.226 [main] INFO  oct1_log4j.LogFileImpl - Trying to find Element By : By.xpath: //input[@id='email']
01:44:51.277 [main] INFO  oct1_log4j.LogFileImpl - Found Element By : By.xpath: //input[@id='email']
01:44:51.671 [main] INFO  oct1_log4j.LogFileImpl - Trying to find Element By : By.xpath: //input[@id='passwd']
01:44:51.730 [main] INFO  oct1_log4j.LogFileImpl - Found Element By : By.xpath: //input[@id='passwd']
01:44:52.029 [main] INFO  oct1_log4j.LogFileImpl - Trying to find Element By : By.xpath: //button[@id='SubmitLogin']
01:44:52.064 [main] INFO  oct1_log4j.LogFileImpl - Found Element By : By.xpath: //button[@id='SubmitLogin']
01:44:52.064 [main] INFO  oct1_log4j.LogFileImpl - Trying to click on: [[ChromeDriver: chrome on WINDOWS (f919594c53e855e4f24577034ee06559)] -> xpath: //button[@id='SubmitLogin']]
01:44:54.333 [main] INFO  oct1_log4j.LogFileImpl - Clicked on: [[ChromeDriver: chrome on WINDOWS (f919594c53e855e4f24577034ee06559)] -> xpath: //button[@id='SubmitLogin']]
01:44:54.334 [main] INFO  oct1_log4j.LogFileImpl - Trying to find Element By : By.xpath: //h1[@class='page-heading']
01:44:54.398 [main] INFO  oct1_log4j.LogFileImpl - Found Element By : By.xpath: //h1[@class='page-heading']
01:44:54.435 [main] INFO  oct1_log4j.LogFileImpl - Trying to find Element By : By.linkText: Sign out
01:44:54.490 [main] INFO  oct1_log4j.LogFileImpl - Found Element By : By.linkText: Sign out
01:44:54.490 [main] INFO  oct1_log4j.LogFileImpl - Trying to click on: [[ChromeDriver: chrome on WINDOWS (f919594c53e855e4f24577034ee06559)] -> link text: Sign out]
01:44:58.088 [main] INFO  oct1_log4j.LogFileImpl - Clicked on: [[ChromeDriver: chrome on WINDOWS (f919594c53e855e4f24577034ee06559)] -> link text: Sign out]
01:45:12.817 [main] INFO  oct1_log4j.LogFileImpl - Trying to find Element By : By.linkText: Sign in
01:45:12.864 [main] INFO  oct1_log4j.LogFileImpl - Found Element By : By.linkText: Sign in
01:45:12.869 [main] INFO  oct1_log4j.LogFileImpl - Trying to click on: [[ChromeDriver: chrome on WINDOWS (f919594c53e855e4f24577034ee06559)] -> link text: Sign in]
01:45:16.825 [main] INFO  oct1_log4j.LogFileImpl - Clicked on: [[ChromeDriver: chrome on WINDOWS (f919594c53e855e4f24577034ee06559)] -> link text: Sign in]
01:45:16.832 [main] INFO  oct1_log4j.LogFileImpl - Trying to find Element By : By.xpath: //input[@id='email']
01:45:16.886 [main] INFO  oct1_log4j.LogFileImpl - Found Element By : By.xpath: //input[@id='email']
01:45:17.166 [main] INFO  oct1_log4j.LogFileImpl - Trying to find Element By : By.xpath: //input[@id='passwd']
01:45:17.200 [main] INFO  oct1_log4j.LogFileImpl - Found Element By : By.xpath: //input[@id='passwd']
01:45:17.425 [main] INFO  oct1_log4j.LogFileImpl - Trying to find Element By : By.xpath: //button[@id='SubmitLogin']
01:45:17.463 [main] INFO  oct1_log4j.LogFileImpl - Found Element By : By.xpath: //button[@id='SubmitLogin']
01:45:17.463 [main] INFO  oct1_log4j.LogFileImpl - Trying to click on: [[ChromeDriver: chrome on WINDOWS (f919594c53e855e4f24577034ee06559)] -> xpath: //button[@id='SubmitLogin']]
01:45:19.472 [main] INFO  oct1_log4j.LogFileImpl - Clicked on: [[ChromeDriver: chrome on WINDOWS (f919594c53e855e4f24577034ee06559)] -> xpath: //button[@id='SubmitLogin']]
01:45:19.473 [main] INFO  oct1_log4j.LogFileImpl - Trying to find Element By : By.xpath: //li[text()='Authentication failed.']
01:45:19.530 [main] INFO  oct1_log4j.LogFileImpl - Found Element By : By.xpath: //li[text()='Authentication failed.']
01:59:11.032 [main] INFO  oct1_log4j.LogFileImpl - Trying to find Element By : By.linkText: Sign in
01:59:11.172 [main] INFO  oct1_log4j.LogFileImpl - Found Element By : By.linkText: Sign in
01:59:11.188 [main] INFO  oct1_log4j.LogFileImpl - Trying to click on: [[ChromeDriver: chrome on WINDOWS (4b9b1e31d376454d3b5fc81300bc4d9e)] -> link text: Sign in]
01:59:14.546 [main] INFO  oct1_log4j.LogFileImpl - Clicked on: [[ChromeDriver: chrome on WINDOWS (4b9b1e31d376454d3b5fc81300bc4d9e)] -> link text: Sign in]
01:59:14.547 [main] INFO  oct1_log4j.LogFileImpl - Trying to find Element By : By.xpath: //input[@id='email']
01:59:14.591 [main] INFO  oct1_log4j.LogFileImpl - Found Element By : By.xpath: //input[@id='email']
01:59:14.810 [main] INFO  oct1_log4j.LogFileImpl - Trying to find Element By : By.xpath: //input[@id='passwd']
01:59:14.847 [main] INFO  oct1_log4j.LogFileImpl - Found Element By : By.xpath: //input[@id='passwd']
01:59:15.022 [main] INFO  oct1_log4j.LogFileImpl - Trying to find Element By : By.xpath: //button[@id='SubmitLogin']
01:59:15.056 [main] INFO  oct1_log4j.LogFileImpl - Found Element By : By.xpath: //button[@id='SubmitLogin']
01:59:15.061 [main] INFO  oct1_log4j.LogFileImpl - Trying to click on: [[ChromeDriver: chrome on WINDOWS (4b9b1e31d376454d3b5fc81300bc4d9e)] -> xpath: //button[@id='SubmitLogin']]
01:59:17.477 [main] INFO  oct1_log4j.LogFileImpl - Clicked on: [[ChromeDriver: chrome on WINDOWS (4b9b1e31d376454d3b5fc81300bc4d9e)] -> xpath: //button[@id='SubmitLogin']]
01:59:17.477 [main] INFO  oct1_log4j.LogFileImpl - Trying to find Element By : By.xpath: //h1[@class='page-heading']
01:59:17.511 [main] INFO  oct1_log4j.LogFileImpl - Found Element By : By.xpath: //h1[@class='page-heading']
01:59:17.550 [main] INFO  oct1_log4j.LogFileImpl - Trying to find Element By : By.linkText: Sign out
01:59:17.596 [main] INFO  oct1_log4j.LogFileImpl - Found Element By : By.linkText: Sign out
01:59:17.597 [main] INFO  oct1_log4j.LogFileImpl - Trying to click on: [[ChromeDriver: chrome on WINDOWS (4b9b1e31d376454d3b5fc81300bc4d9e)] -> link text: Sign out]
01:59:20.228 [main] INFO  oct1_log4j.LogFileImpl - Clicked on: [[ChromeDriver: chrome on WINDOWS (4b9b1e31d376454d3b5fc81300bc4d9e)] -> link text: Sign out]
01:59:34.624 [main] INFO  oct1_log4j.LogFileImpl - Trying to find Element By : By.linkText: Sign in
01:59:34.673 [main] INFO  oct1_log4j.LogFileImpl - Found Element By : By.linkText: Sign in
01:59:34.674 [main] INFO  oct1_log4j.LogFileImpl - Trying to click on: [[ChromeDriver: chrome on WINDOWS (4b9b1e31d376454d3b5fc81300bc4d9e)] -> link text: Sign in]
01:59:37.310 [main] INFO  oct1_log4j.LogFileImpl - Clicked on: [[ChromeDriver: chrome on WINDOWS (4b9b1e31d376454d3b5fc81300bc4d9e)] -> link text: Sign in]
01:59:37.311 [main] INFO  oct1_log4j.LogFileImpl - Trying to find Element By : By.xpath: //input[@id='email']
01:59:37.356 [main] INFO  oct1_log4j.LogFileImpl - Found Element By : By.xpath: //input[@id='email']
01:59:37.570 [main] INFO  oct1_log4j.LogFileImpl - Trying to find Element By : By.xpath: //input[@id='passwd']
01:59:37.606 [main] INFO  oct1_log4j.LogFileImpl - Found Element By : By.xpath: //input[@id='passwd']
01:59:37.775 [main] INFO  oct1_log4j.LogFileImpl - Trying to find Element By : By.xpath: //button[@id='SubmitLogin']
01:59:37.811 [main] INFO  oct1_log4j.LogFileImpl - Found Element By : By.xpath: //button[@id='SubmitLogin']
01:59:37.815 [main] INFO  oct1_log4j.LogFileImpl - Trying to click on: [[ChromeDriver: chrome on WINDOWS (4b9b1e31d376454d3b5fc81300bc4d9e)] -> xpath: //button[@id='SubmitLogin']]
01:59:39.223 [main] INFO  oct1_log4j.LogFileImpl - Clicked on: [[ChromeDriver: chrome on WINDOWS (4b9b1e31d376454d3b5fc81300bc4d9e)] -> xpath: //button[@id='SubmitLogin']]
01:59:39.223 [main] INFO  oct1_log4j.LogFileImpl - Trying to find Element By : By.xpath: //li[text()='Authentication failed.']
01:59:39.263 [main] INFO  oct1_log4j.LogFileImpl - Found Element By : By.xpath: //li[text()='Authentication failed.']
